TN:
SF:src/modules/appointments/services/CreateAppointmentService.ts
FN:38,__decorate
FN:38,__metadata
FN:38,__param
FN:38,__awaiter
FN:38,adopt
FN:38,fulfilled
FN:38,rejected
FN:38,step
FN:38,__generator
FN:38,sent
FN:38,g.<computed>
FN:38,verb
FN:38,step
FN:38,__importDefault
FN:14,CreateAppointmentService
FN:19,CreateAppointmentService.execute
FNF:16
FNH:14
FNDA:1,__decorate
FNDA:1,__metadata
FNDA:1,__param
FNDA:3,__awaiter
FNDA:5,adopt
FNDA:5,fulfilled
FNDA:0,rejected
FNDA:7,step
FNDA:3,__generator
FNDA:5,sent
FNDA:0,g.<computed>
FNDA:9,verb
FNDA:8,step
FNDA:1,__importDefault
FNDA:2,CreateAppointmentService
FNDA:3,CreateAppointmentService.execute
DA:1,1
DA:2,1
DA:3,1
DA:4,1
DA:5,1
DA:6,1
DA:7,1
DA:8,1
DA:9,1
DA:10,1
DA:11,1
DA:12,1
DA:13,1
DA:14,1
DA:15,2
DA:16,2
DA:17,2
DA:18,1
DA:19,1
DA:20,3
DA:21,3
DA:22,3
DA:23,3
DA:24,3
DA:25,3
DA:26,1
DA:27,1
DA:28,2
DA:29,2
DA:30,2
DA:31,2
DA:32,2
DA:33,3
DA:34,3
DA:35,3
DA:36,1
DA:37,1
DA:38,1
LF:38
LH:38
BRDA:38,0,0,1
BRDA:38,1,0,1
BRDA:38,2,0,0
BRDA:38,3,0,0
BRDA:38,4,0,0
BRDA:38,5,0,0
BRDA:38,6,0,1
BRDA:38,7,0,1
BRDA:38,8,0,1
BRDA:38,9,0,3
BRDA:38,10,0,5
BRDA:38,11,0,0
BRDA:38,12,0,3
BRDA:38,13,0,5
BRDA:38,14,0,4
BRDA:38,15,0,1
BRDA:38,16,0,7
BRDA:38,17,0,2
BRDA:38,18,0,5
BRDA:38,19,0,3
BRDA:38,20,0,5
BRDA:38,21,0,0
BRDA:38,22,0,9
BRDA:38,23,0,8
BRDA:38,24,0,8
BRDA:38,25,0,0
BRDA:38,26,0,16
BRDA:38,27,0,0
BRDA:38,28,0,0
BRDA:38,29,0,0
BRDA:38,30,0,0
BRDA:38,31,0,8
BRDA:38,32,0,8
BRDA:38,33,0,5
BRDA:38,34,0,0
BRDA:38,35,0,0
BRDA:38,36,0,3
BRDA:38,37,0,0
BRDA:38,38,0,2
BRDA:38,39,0,0
BRDA:38,40,0,0
BRDA:38,41,0,0
BRDA:38,42,0,0
BRDA:38,43,0,8
BRDA:38,44,0,7
BRDA:38,45,0,1
BRDA:38,46,0,8
BRDA:38,47,0,3
BRDA:38,48,0,1
BRDA:38,49,0,2
BRDA:38,50,0,0
BRDA:38,51,0,1
BRDA:38,52,0,0
BRDA:13,53,0,1
BRDA:14,54,0,2
BRDA:19,55,0,3
BRDA:38,56,0,3
BRDA:38,57,0,8
BRDA:38,58,0,3
BRDA:38,59,0,3
BRDA:25,60,0,1
BRDA:27,61,0,2
BRDA:38,62,0,2
BRF:63
BRH:43
end_of_record
TN:
SF:src/modules/users/services/AuthUserService.ts
FN:59,__decorate
FN:59,__metadata
FN:59,__param
FN:59,__awaiter
FN:59,adopt
FN:59,fulfilled
FN:59,rejected
FN:59,step
FN:59,__generator
FN:59,sent
FN:59,g.<computed>
FN:59,verb
FN:59,step
FN:59,__importDefault
FN:24,AuthUserService
FN:32,AuthUserService.execute
FNF:16
FNH:14
FNDA:1,__decorate
FNDA:1,__metadata
FNDA:2,__param
FNDA:3,__awaiter
FNDA:5,adopt
FNDA:5,fulfilled
FNDA:0,rejected
FNDA:6,step
FNDA:3,__generator
FNDA:5,sent
FNDA:0,g.<computed>
FNDA:9,verb
FNDA:8,step
FNDA:2,__importDefault
FNDA:2,AuthUserService
FNDA:3,AuthUserService.execute
DA:1,1
DA:2,1
DA:3,1
DA:4,1
DA:5,1
DA:6,1
DA:7,1
DA:8,1
DA:9,1
DA:10,1
DA:11,1
DA:12,1
DA:13,1
DA:14,1
DA:15,1
DA:16,1
DA:17,1
DA:18,1
DA:19,1
DA:20,1
DA:21,1
DA:22,1
DA:23,1
DA:24,1
DA:25,2
DA:26,2
DA:27,2
DA:28,2
DA:29,2
DA:30,2
DA:31,1
DA:32,1
DA:33,3
DA:34,3
DA:35,3
DA:36,1
DA:37,1
DA:38,2
DA:39,2
DA:40,2
DA:41,2
DA:42,2
DA:43,3
DA:44,3
DA:45,1
DA:46,1
DA:47,1
DA:48,1
DA:49,1
DA:50,1
DA:51,1
DA:52,1
DA:53,1
DA:54,1
DA:55,1
DA:56,3
DA:57,1
DA:58,1
DA:59,1
LF:59
LH:59
BRDA:59,0,0,1
BRDA:59,1,0,1
BRDA:59,2,0,0
BRDA:59,3,0,0
BRDA:59,4,0,0
BRDA:59,5,0,0
BRDA:59,6,0,1
BRDA:59,7,0,2
BRDA:59,8,0,2
BRDA:59,9,0,3
BRDA:59,10,0,5
BRDA:59,11,0,0
BRDA:59,12,0,3
BRDA:59,13,0,5
BRDA:59,14,0,3
BRDA:59,15,0,2
BRDA:59,16,0,6
BRDA:59,17,0,1
BRDA:59,18,0,5
BRDA:59,19,0,3
BRDA:59,20,0,5
BRDA:59,21,0,0
BRDA:59,22,0,9
BRDA:59,23,0,8
BRDA:59,24,0,8
BRDA:59,25,0,0
BRDA:59,26,0,16
BRDA:59,27,0,0
BRDA:59,28,0,0
BRDA:59,29,0,0
BRDA:59,30,0,0
BRDA:59,31,0,8
BRDA:59,32,0,8
BRDA:59,33,0,5
BRDA:59,34,0,0
BRDA:59,35,0,0
BRDA:59,36,0,3
BRDA:59,37,0,0
BRDA:59,38,0,1
BRDA:59,39,0,0
BRDA:59,40,0,0
BRDA:59,41,0,0
BRDA:59,42,0,0
BRDA:59,43,0,8
BRDA:59,44,0,6
BRDA:59,45,0,2
BRDA:59,46,0,8
BRDA:59,47,0,3
BRDA:59,48,0,2
BRDA:59,49,0,1
BRDA:59,50,0,0
BRDA:59,51,0,2
BRDA:59,52,0,0
BRDA:23,53,0,1
BRDA:24,54,0,2
BRDA:32,55,0,3
BRDA:59,56,0,3
BRDA:59,57,0,8
BRDA:33,58,0,3
BRDA:59,59,0,3
BRDA:35,60,0,1
BRDA:37,61,0,2
BRDA:59,62,0,2
BRDA:44,63,0,1
BRF:64
BRH:44
end_of_record
TN:
SF:src/modules/users/services/CreateUserService.ts
FN:42,__decorate
FN:42,__metadata
FN:42,__param
FN:42,__awaiter
FN:42,adopt
FN:42,fulfilled
FN:42,rejected
FN:42,step
FN:42,__generator
FN:42,sent
FN:42,g.<computed>
FN:42,verb
FN:42,step
FN:42,__importDefault
FN:15,CreateUserService
FN:23,CreateUserService.execute
FNF:16
FNH:14
FNDA:2,__decorate
FNDA:2,__metadata
FNDA:4,__param
FNDA:5,__awaiter
FNDA:13,adopt
FNDA:13,fulfilled
FNDA:0,rejected
FNDA:17,step
FNDA:5,__generator
FNDA:13,sent
FNDA:0,g.<computed>
FNDA:15,verb
FNDA:18,step
FNDA:2,__importDefault
FNDA:4,CreateUserService
FNDA:5,CreateUserService.execute
DA:1,1
DA:2,1
DA:3,1
DA:4,1
DA:5,1
DA:6,1
DA:7,1
DA:8,1
DA:9,1
DA:10,1
DA:11,1
DA:12,1
DA:13,1
DA:14,2
DA:15,2
DA:16,4
DA:17,4
DA:18,4
DA:19,4
DA:20,4
DA:21,4
DA:22,2
DA:23,2
DA:24,5
DA:25,5
DA:26,5
DA:27,1
DA:28,1
DA:29,4
DA:30,4
DA:31,5
DA:32,5
DA:33,5
DA:34,5
DA:35,5
DA:36,5
DA:37,5
DA:38,5
DA:39,5
DA:40,2
DA:41,1
DA:42,1
LF:42
LH:42
BRDA:42,0,0,2
BRDA:42,1,0,2
BRDA:42,2,0,0
BRDA:42,3,0,0
BRDA:42,4,0,0
BRDA:42,5,0,0
BRDA:42,6,0,2
BRDA:42,7,0,4
BRDA:42,8,0,4
BRDA:42,9,0,5
BRDA:42,10,0,13
BRDA:42,11,0,0
BRDA:42,12,0,5
BRDA:42,13,0,13
BRDA:42,14,0,12
BRDA:42,15,0,1
BRDA:42,16,0,17
BRDA:42,17,0,4
BRDA:42,18,0,13
BRDA:42,19,0,5
BRDA:42,20,0,13
BRDA:42,21,0,0
BRDA:42,22,0,15
BRDA:42,23,0,18
BRDA:42,24,0,18
BRDA:42,25,0,0
BRDA:42,26,0,36
BRDA:42,27,0,0
BRDA:42,28,0,0
BRDA:42,29,0,0
BRDA:42,30,0,0
BRDA:42,31,0,18
BRDA:42,32,0,18
BRDA:42,33,0,13
BRDA:42,34,0,0
BRDA:42,35,0,0
BRDA:42,36,0,5
BRDA:42,37,0,0
BRDA:42,38,0,4
BRDA:42,39,0,0
BRDA:42,40,0,0
BRDA:42,41,0,0
BRDA:42,42,0,0
BRDA:42,43,0,28
BRDA:42,44,0,18
BRDA:42,45,0,17
BRDA:42,46,0,1
BRDA:42,47,0,18
BRDA:42,48,0,5
BRDA:42,49,0,1
BRDA:42,50,0,4
BRDA:42,51,0,0
BRDA:42,52,0,2
BRDA:42,53,0,0
BRDA:14,54,0,2
BRDA:15,55,0,4
BRDA:23,56,0,5
BRDA:42,57,0,5
BRDA:42,58,0,18
BRDA:24,59,0,5
BRDA:42,60,0,5
BRDA:26,61,0,1
BRDA:28,62,0,4
BRDA:42,63,0,4
BRDA:42,64,0,4
BRF:65
BRH:45
end_of_record
TN:
SF:src/modules/users/services/ResetPasswordService.ts
FN:54,__decorate
FN:54,__metadata
FN:54,__param
FN:54,__awaiter
FN:54,adopt
FN:54,fulfilled
FN:54,rejected
FN:54,step
FN:54,__generator
FN:54,sent
FN:54,g.<computed>
FN:54,verb
FN:54,step
FN:54,__importDefault
FN:18,ResetPasswordService
FN:29,ResetPasswordService.execute
FNF:16
FNH:14
FNDA:1,__decorate
FNDA:1,__metadata
FNDA:3,__param
FNDA:4,__awaiter
FNDA:9,adopt
FNDA:9,fulfilled
FNDA:0,rejected
FNDA:10,step
FNDA:4,__generator
FNDA:9,sent
FNDA:0,g.<computed>
FNDA:12,verb
FNDA:13,step
FNDA:1,__importDefault
FNDA:4,ResetPasswordService
FNDA:4,ResetPasswordService.execute
DA:1,1
DA:2,1
DA:3,1
DA:4,1
DA:5,1
DA:6,1
DA:7,1
DA:8,1
DA:9,1
DA:10,1
DA:11,1
DA:12,1
DA:13,1
DA:14,1
DA:15,1
DA:16,1
DA:17,1
DA:18,1
DA:19,4
DA:20,4
DA:21,4
DA:22,4
DA:23,4
DA:24,4
DA:25,4
DA:26,4
DA:27,4
DA:28,1
DA:29,1
DA:30,4
DA:31,4
DA:32,4
DA:33,1
DA:34,1
DA:35,3
DA:36,3
DA:37,4
DA:38,4
DA:39,1
DA:40,1
DA:41,2
DA:42,2
DA:43,2
DA:44,4
DA:45,1
DA:46,1
DA:47,1
DA:48,1
DA:49,4
DA:50,4
DA:51,4
DA:52,1
DA:53,1
DA:54,1
LF:54
LH:54
BRDA:54,0,0,1
BRDA:54,1,0,1
BRDA:54,2,0,0
BRDA:54,3,0,0
BRDA:54,4,0,0
BRDA:54,5,0,0
BRDA:54,6,0,1
BRDA:54,7,0,3
BRDA:54,8,0,3
BRDA:54,9,0,4
BRDA:54,10,0,9
BRDA:54,11,0,0
BRDA:54,12,0,4
BRDA:54,13,0,9
BRDA:54,14,0,6
BRDA:54,15,0,3
BRDA:54,16,0,10
BRDA:54,17,0,1
BRDA:54,18,0,9
BRDA:54,19,0,4
BRDA:54,20,0,9
BRDA:54,21,0,0
BRDA:54,22,0,12
BRDA:54,23,0,13
BRDA:54,24,0,13
BRDA:54,25,0,0
BRDA:54,26,0,26
BRDA:54,27,0,0
BRDA:54,28,0,0
BRDA:54,29,0,0
BRDA:54,30,0,0
BRDA:54,31,0,13
BRDA:54,32,0,13
BRDA:54,33,0,9
BRDA:54,34,0,0
BRDA:54,35,0,0
BRDA:54,36,0,4
BRDA:54,37,0,0
BRDA:54,38,0,1
BRDA:54,39,0,0
BRDA:54,40,0,0
BRDA:54,41,0,0
BRDA:54,42,0,0
BRDA:54,43,0,13
BRDA:54,44,0,10
BRDA:54,45,0,3
BRDA:54,46,0,13
BRDA:54,47,0,4
BRDA:54,48,0,3
BRDA:54,49,0,1
BRDA:54,50,0,0
BRDA:54,51,0,1
BRDA:54,52,0,0
BRDA:17,53,0,1
BRDA:18,54,0,4
BRDA:29,55,0,4
BRDA:54,56,0,4
BRDA:54,57,0,13
BRDA:30,58,0,4
BRDA:54,59,0,4
BRDA:32,60,0,1
BRDA:34,61,0,3
BRDA:54,62,0,3
BRDA:38,63,0,1
BRDA:40,64,0,2
BRDA:44,65,0,1
BRDA:54,66,0,1
BRDA:54,67,0,1
BRF:68
BRH:48
end_of_record
TN:
SF:src/modules/users/services/SendForgotPasswordEmailService.ts
FN:60,__decorate
FN:60,__metadata
FN:60,__param
FN:60,__awaiter
FN:60,adopt
FN:60,fulfilled
FN:60,rejected
FN:60,step
FN:60,__generator
FN:60,sent
FN:60,g.<computed>
FN:60,verb
FN:60,step
FN:60,__importDefault
FN:16,SendForgotPasswordEmailService
FN:27,SendForgotPasswordEmailService.execute
FNF:16
FNH:14
FNDA:1,__decorate
FNDA:1,__metadata
FNDA:3,__param
FNDA:3,__awaiter
FNDA:7,adopt
FNDA:7,fulfilled
FNDA:0,rejected
FNDA:9,step
FNDA:3,__generator
FNDA:7,sent
FNDA:0,g.<computed>
FNDA:9,verb
FNDA:10,step
FNDA:2,__importDefault
FNDA:3,SendForgotPasswordEmailService
FNDA:3,SendForgotPasswordEmailService.execute
DA:1,1
DA:2,1
DA:3,1
DA:4,1
DA:5,1
DA:6,1
DA:7,1
DA:8,1
DA:9,1
DA:10,1
DA:11,1
DA:12,1
DA:13,1
DA:14,1
DA:15,1
DA:16,1
DA:17,3
DA:18,3
DA:19,3
DA:20,3
DA:21,3
DA:22,3
DA:23,3
DA:24,3
DA:25,3
DA:26,1
DA:27,1
DA:28,3
DA:29,3
DA:30,3
DA:31,1
DA:32,1
DA:33,2
DA:34,2
DA:35,3
DA:36,3
DA:37,3
DA:38,3
DA:39,3
DA:40,3
DA:41,3
DA:42,3
DA:43,3
DA:44,3
DA:45,3
DA:46,3
DA:47,3
DA:48,3
DA:49,3
DA:50,3
DA:51,3
DA:52,3
DA:53,3
DA:54,3
DA:55,3
DA:56,3
DA:57,3
DA:58,1
DA:59,1
DA:60,1
LF:60
LH:60
BRDA:60,0,0,1
BRDA:60,1,0,1
BRDA:60,2,0,0
BRDA:60,3,0,0
BRDA:60,4,0,0
BRDA:60,5,0,0
BRDA:60,6,0,1
BRDA:60,7,0,3
BRDA:60,8,0,3
BRDA:60,9,0,3
BRDA:60,10,0,7
BRDA:60,11,0,0
BRDA:60,12,0,3
BRDA:60,13,0,7
BRDA:60,14,0,6
BRDA:60,15,0,1
BRDA:60,16,0,9
BRDA:60,17,0,2
BRDA:60,18,0,7
BRDA:60,19,0,3
BRDA:60,20,0,7
BRDA:60,21,0,0
BRDA:60,22,0,9
BRDA:60,23,0,10
BRDA:60,24,0,10
BRDA:60,25,0,0
BRDA:60,26,0,20
BRDA:60,27,0,0
BRDA:60,28,0,0
BRDA:60,29,0,0
BRDA:60,30,0,0
BRDA:60,31,0,10
BRDA:60,32,0,10
BRDA:60,33,0,7
BRDA:60,34,0,0
BRDA:60,35,0,0
BRDA:60,36,0,3
BRDA:60,37,0,0
BRDA:60,38,0,2
BRDA:60,39,0,0
BRDA:60,40,0,0
BRDA:60,41,0,0
BRDA:60,42,0,0
BRDA:60,43,0,10
BRDA:60,44,0,9
BRDA:60,45,0,1
BRDA:60,46,0,10
BRDA:60,47,0,3
BRDA:60,48,0,1
BRDA:60,49,0,2
BRDA:60,50,0,0
BRDA:60,51,0,2
BRDA:60,52,0,1
BRDA:60,53,0,1
BRDA:15,54,0,1
BRDA:16,55,0,3
BRDA:27,56,0,3
BRDA:60,57,0,3
BRDA:60,58,0,10
BRDA:28,59,0,3
BRDA:60,60,0,3
BRDA:30,61,0,1
BRDA:32,62,0,2
BRDA:60,63,0,2
BRDA:60,64,0,2
BRF:65
BRH:46
end_of_record
TN:
SF:src/modules/users/services/UpdateUserAvatarService.ts
FN:44,__decorate
FN:44,__metadata
FN:44,__param
FN:44,__awaiter
FN:44,adopt
FN:44,fulfilled
FN:44,rejected
FN:44,step
FN:44,__generator
FN:44,sent
FN:44,g.<computed>
FN:44,verb
FN:44,step
FN:44,__importDefault
FN:15,UpdateUserAvatarService
FN:23,UpdateUserAvatarService.execute
FNF:16
FNH:14
FNDA:1,__decorate
FNDA:1,__metadata
FNDA:2,__param
FNDA:4,__awaiter
FNDA:11,adopt
FNDA:11,fulfilled
FNDA:0,rejected
FNDA:14,step
FNDA:4,__generator
FNDA:11,sent
FNDA:0,g.<computed>
FNDA:12,verb
FNDA:15,step
FNDA:1,__importDefault
FNDA:3,UpdateUserAvatarService
FNDA:4,UpdateUserAvatarService.execute
DA:1,1
DA:2,1
DA:3,1
DA:4,1
DA:5,1
DA:6,1
DA:7,1
DA:8,1
DA:9,1
DA:10,1
DA:11,1
DA:12,1
DA:13,1
DA:14,1
DA:15,1
DA:16,3
DA:17,3
DA:18,3
DA:19,3
DA:20,3
DA:21,3
DA:22,1
DA:23,1
DA:24,4
DA:25,4
DA:26,4
DA:27,1
DA:28,1
DA:29,3
DA:30,3
DA:31,1
DA:32,4
DA:33,4
DA:34,4
DA:35,4
DA:36,4
DA:37,4
DA:38,4
DA:39,4
DA:40,4
DA:41,4
DA:42,1
DA:43,1
DA:44,1
LF:44
LH:44
BRDA:44,0,0,1
BRDA:44,1,0,1
BRDA:44,2,0,0
BRDA:44,3,0,0
BRDA:44,4,0,0
BRDA:44,5,0,0
BRDA:44,6,0,1
BRDA:44,7,0,2
BRDA:44,8,0,2
BRDA:44,9,0,4
BRDA:44,10,0,11
BRDA:44,11,0,0
BRDA:44,12,0,4
BRDA:44,13,0,11
BRDA:44,14,0,10
BRDA:44,15,0,1
BRDA:44,16,0,14
BRDA:44,17,0,3
BRDA:44,18,0,11
BRDA:44,19,0,4
BRDA:44,20,0,11
BRDA:44,21,0,0
BRDA:44,22,0,12
BRDA:44,23,0,15
BRDA:44,24,0,15
BRDA:44,25,0,0
BRDA:44,26,0,32
BRDA:44,27,0,0
BRDA:44,28,0,0
BRDA:44,29,0,0
BRDA:44,30,0,0
BRDA:44,31,0,15
BRDA:44,32,0,15
BRDA:44,33,0,11
BRDA:44,34,0,0
BRDA:44,35,0,0
BRDA:44,36,0,6
BRDA:44,37,0,0
BRDA:44,38,0,5
BRDA:44,39,0,4
BRDA:44,40,0,2
BRDA:44,41,0,0
BRDA:44,42,0,2
BRDA:44,43,0,0
BRDA:44,44,0,0
BRDA:44,45,0,0
BRDA:44,46,0,17
BRDA:44,47,0,16
BRDA:44,48,0,1
BRDA:44,49,0,17
BRDA:44,50,0,4
BRDA:44,51,0,1
BRDA:44,52,0,3
BRDA:44,53,0,0
BRDA:44,54,0,1
BRDA:44,55,0,0
BRDA:14,56,0,1
BRDA:15,57,0,3
BRDA:23,58,0,4
BRDA:44,59,0,4
BRDA:44,60,0,17
BRDA:24,61,0,4
BRDA:44,62,0,4
BRDA:26,63,0,1
BRDA:28,64,0,3
BRDA:30,65,0,2
BRDA:30,66,0,1
BRDA:44,67,0,1
BRDA:34,68,0,3
BRDA:44,69,0,3
BRDA:44,70,0,3
BRF:71
BRH:51
end_of_record
